<?xml version="1.0" encoding="UTF-8"?>
<!-- Generated by org.testng.reporters.JUnitReportReporter -->
<testsuite skipped="2" hostname="Zeyneps-Air.fios-router.home" name="com.hubspot.tests.LoginTest" tests="4" failures="0" timestamp="03 Dec 2019 17:51:51 GMT" time="18.892" errors="0">
  <testcase name="loginTest" time="11.897" classname="com.hubspot.tests.LoginTest"/>
  <testcase name="loginPageTitleTest" time="6.995" classname="com.hubspot.tests.LoginTest"/>
  <testcase name="loginTest1" classname="com.hubspot.tests.LoginTest">
    <skipped/>
  </testcase> <!-- loginTest1 -->
  <testcase name="loginTest2" classname="com.hubspot.tests.LoginTest">
    <skipped/>
  </testcase> <!-- loginTest2 -->
</testsuite> <!-- com.hubspot.tests.LoginTest -->
