<?xml version="1.0" encoding="UTF-8"?>
<!-- Generated by org.testng.reporters.JUnitReportReporter -->
<testsuite skipped="0" hostname="Zeyneps-Air.fios-router.home" name="Tests.loginPageTest" tests="1" failures="0" timestamp="26 Nov 2019 14:58:37 GMT" time="8.757" errors="0">
  <testcase name="loginPageTitleTest" time="8.757" classname="Tests.loginPageTest"/>
</testsuite> <!-- Tests.loginPageTest -->
