<?xml version="1.0" encoding="UTF-8"?>
<!-- Generated by org.testng.reporters.JUnitReportReporter -->
<testsuite skipped="0" hostname="Zeyneps-Air.fios-router.home" name="com.hubspot.tests.ContactsPageTest" tests="3" failures="0" timestamp="30 Nov 2019 05:03:14 GMT" time="92.505" errors="0">
  <testcase name="createNewPOMContactTest" time="30.267" classname="com.hubspot.tests.ContactsPageTest"/>
  <testcase name="createNewPOMContactTest" time="30.469" classname="com.hubspot.tests.ContactsPageTest"/>
  <testcase name="createNewPOMContactTest" time="31.769" classname="com.hubspot.tests.ContactsPageTest"/>
</testsuite> <!-- com.hubspot.tests.ContactsPageTest -->
