<?xml version="1.0" encoding="UTF-8"?>
<!-- Generated by org.testng.reporters.JUnitReportReporter -->
<testsuite skipped="0" hostname="Zeyneps-Air.fios-router.home" name="com.hubspot.tests.HomePageTest" tests="3" failures="0" timestamp="03 Dec 2019 17:51:51 GMT" time="40.435" errors="0">
  <testcase name="verifyHomePageTitleTest" time="14.723" classname="com.hubspot.tests.HomePageTest"/>
  <testcase name="verifyHomePageHeaderTest" time="12.837" classname="com.hubspot.tests.HomePageTest"/>
  <testcase name="verifyLoggedInUserAccountTest" time="12.875" classname="com.hubspot.tests.HomePageTest"/>
</testsuite> <!-- com.hubspot.tests.HomePageTest -->
